\BOOKMARK [1][-]{section.1}{January 10, 2017}{}% 1
\BOOKMARK [2][-]{subsection.1.1}{Introduction}{section.1}% 2
\BOOKMARK [1][-]{section.2}{January 12, 2017}{}% 3
\BOOKMARK [2][-]{subsection.2.1}{Scales of Magnitude}{section.2}% 4
\BOOKMARK [2][-]{subsection.2.2}{Fundamental and Derived Quantities}{section.2}% 5
\BOOKMARK [2][-]{subsection.2.3}{Conservation Principles}{section.2}% 6
\BOOKMARK [1][-]{section.3}{January 17, 2017}{}% 7
\BOOKMARK [2][-]{subsection.3.1}{Intensive Variables}{section.3}% 8
\BOOKMARK [2][-]{subsection.3.2}{Phase Diagrams}{section.3}% 9
\BOOKMARK [1][-]{section.4}{January 19, 2017}{}% 10
\BOOKMARK [2][-]{subsection.4.1}{Pressure Temperature Diagram}{section.4}% 11
\BOOKMARK [2][-]{subsection.4.2}{Pressure Volume Diagram}{section.4}% 12
\BOOKMARK [1][-]{section.5}{January 24, 2017}{}% 13
\BOOKMARK [2][-]{subsection.5.1}{Phase Rule}{section.5}% 14
\BOOKMARK [2][-]{subsection.5.2}{Lever Rule}{section.5}% 15
\BOOKMARK [2][-]{subsection.5.3}{Composition}{section.5}% 16
\BOOKMARK [1][-]{section.6}{January 26, 2017}{}% 17
\BOOKMARK [2][-]{subsection.6.1}{Two Component Vapour-Liquid Systems}{section.6}% 18
\BOOKMARK [3][-]{subsubsection.6.1.1}{Miscible Systems}{subsection.6.1}% 19
\BOOKMARK [3][-]{subsubsection.6.1.2}{Miscible Systems with Azeotrope}{subsection.6.1}% 20
\BOOKMARK [3][-]{subsubsection.6.1.3}{Immiscible Systems}{subsection.6.1}% 21
\BOOKMARK [3][-]{subsubsection.6.1.4}{Partially Miscible Systems}{subsection.6.1}% 22
\BOOKMARK [1][-]{section.7}{February 2, 2017}{}% 23
\BOOKMARK [2][-]{subsection.7.1}{Two Component Liquid-Solid Systems}{section.7}% 24
\BOOKMARK [3][-]{subsubsection.7.1.1}{Miscible Systems}{subsection.7.1}% 25
\BOOKMARK [3][-]{subsubsection.7.1.2}{Immiscible Systems}{subsection.7.1}% 26
\BOOKMARK [3][-]{subsubsection.7.1.3}{Partially Miscible Systems}{subsection.7.1}% 27
\BOOKMARK [1][-]{section.8}{February 7, 2017}{}% 28
\BOOKMARK [2][-]{subsection.8.1}{Ideal Gases}{section.8}% 29
\BOOKMARK [2][-]{subsection.8.2}{Ideal Gas EOS}{section.8}% 30
\BOOKMARK [2][-]{subsection.8.3}{Universal Gas Constant}{section.8}% 31
\BOOKMARK [1][-]{section.9}{February 9, 2017}{}% 32
\BOOKMARK [2][-]{subsection.9.1}{Ideal Gas Examples}{section.9}% 33
\BOOKMARK [2][-]{subsection.9.2}{Kinetic Theory}{section.9}% 34
\BOOKMARK [3][-]{subsubsection.9.2.1}{Relationship for Pressure of a Gas}{subsection.9.2}% 35
\BOOKMARK [1][-]{section.10}{February 14, 2017}{}% 36
\BOOKMARK [2][-]{subsection.10.1}{Kinetic Energy and Temperature}{section.10}% 37
\BOOKMARK [2][-]{subsection.10.2}{Speed and Temperature}{section.10}% 38
\BOOKMARK [2][-]{subsection.10.3}{Heat Capacities}{section.10}% 39
\BOOKMARK [2][-]{subsection.10.4}{Collisions Between Molecules}{section.10}% 40
\BOOKMARK [1][-]{section.11}{February 16, 2017}{}% 41
\BOOKMARK [2][-]{subsection.11.1}{Rate of Molecular Collisions With Walls of Container}{section.11}% 42
\BOOKMARK [2][-]{subsection.11.2}{Transport Properties}{section.11}% 43
\BOOKMARK [2][-]{subsection.11.3}{Transport of Mass \(Diffusion\)}{section.11}% 44
\BOOKMARK [2][-]{subsection.11.4}{Transport of Heat \(Conduction\)}{section.11}% 45
\BOOKMARK [2][-]{subsection.11.5}{Transport of Momentum \(Viscosity\)}{section.11}% 46
\BOOKMARK [1][-]{section.12}{February 28, 2017}{}% 47
\BOOKMARK [2][-]{subsection.12.1}{Real Gases - Deviation From Ideal Behaviour}{section.12}% 48
\BOOKMARK [2][-]{subsection.12.2}{The Van der Waals Equation of State}{section.12}% 49
\BOOKMARK [1][-]{section.13}{March 2, 2017}{}% 50
\BOOKMARK [2][-]{subsection.13.1}{The Van der Waals Equation of State Cont'd}{section.13}% 51
\BOOKMARK [2][-]{subsection.13.2}{Other Equations of State}{section.13}% 52
\BOOKMARK [2][-]{subsection.13.3}{Compressibility Factor and Corresponding States}{section.13}% 53
\BOOKMARK [2][-]{subsection.13.4}{Reduced Conditions}{section.13}% 54
\BOOKMARK [1][-]{section.14}{March 7, 2017}{}% 55
\BOOKMARK [2][-]{subsection.14.1}{Real Gas Mixtures}{section.14}% 56
\BOOKMARK [1][-]{section.15}{March 9, 2017}{}% 57
\BOOKMARK [2][-]{subsection.15.1}{Volumetric Behaviour of Liquids}{section.15}% 58
\BOOKMARK [2][-]{subsection.15.2}{Thermal Expansion of Liquids}{section.15}% 59
\BOOKMARK [1][-]{section.16}{March 14, 2017}{}% 60
\BOOKMARK [2][-]{subsection.16.1}{Energy Effects in Liquid}{section.16}% 61
\BOOKMARK [2][-]{subsection.16.2}{Calculating Hv}{section.16}% 62
\BOOKMARK [2][-]{subsection.16.3}{Correlating Vapour Pressure Data to Obtain Hv}{section.16}% 63
\BOOKMARK [1][-]{section.17}{March 16, 2017}{}% 64
\BOOKMARK [2][-]{subsection.17.1}{Summary}{section.17}% 65
\BOOKMARK [2][-]{subsection.17.2}{Equilibrium Pressure Above Liquid Mixtures}{section.17}% 66
\BOOKMARK [1][-]{section.18}{March 21, 2017}{}% 67
\BOOKMARK [2][-]{subsection.18.1}{Stress and Strain in Fluids}{section.18}% 68
\BOOKMARK [2][-]{subsection.18.2}{Non-Newtonian Fluids}{section.18}% 69
\BOOKMARK [1][-]{section.19}{March 23, 2017}{}% 70
\BOOKMARK [2][-]{subsection.19.1}{Non-Newtonian Fluids Cont'd}{section.19}% 71
\BOOKMARK [2][-]{subsection.19.2}{Flow of Fluids}{section.19}% 72
\BOOKMARK [1][-]{section.20}{March 28, 2017}{}% 73
\BOOKMARK [2][-]{subsection.20.1}{Laminar Flow}{section.20}% 74
\BOOKMARK [1][-]{section.21}{March 30, 2017}{}% 75
\BOOKMARK [2][-]{subsection.21.1}{}{section.21}% 76
\BOOKMARK [2][-]{subsection.21.2}{Turbulent Flow in Pipes}{section.21}% 77
\BOOKMARK [2][-]{subsection.21.3}{Power Consumption}{section.21}% 78
\BOOKMARK [2][-]{subsection.21.4}{Problem Solving}{section.21}% 79
\BOOKMARK [1][-]{section.22}{April 11, 2017}{}% 80
\BOOKMARK [2][-]{subsection.22.1}{Review for Final}{section.22}% 81
